<?xml version="1.0" encoding="UTF-8"?>
<!-- Generated by org.testng.reporters.JUnitReportReporter -->
<testsuite skipped="0" hostname="ZNEEVCSP16VC103" name="com.employeeapi.testCases.TC001_Get_All_Employees" tests="9" failures="0" timestamp="2020-03-30T18:53:16 IST" time="0.058" errors="0">
  <testcase name="checkserverType" time="0.001" classname="com.employeeapi.testCases.TC001_Get_All_Employees"/>
  <system-out/>
  <testcase name="checkContentType" time="0.001" classname="com.employeeapi.testCases.TC001_Get_All_Employees"/>
  <system-out/>
  <testcase name="checkContentEncoding" time="0.009" classname="com.employeeapi.testCases.TC001_Get_All_Employees"/>
  <system-out/>
  <testcase name="checkResponseBody" time="0.040" classname="com.employeeapi.testCases.TC001_Get_All_Employees"/>
  <system-out/>
  <testcase name="checkStatusLine" time="0.003" classname="com.employeeapi.testCases.TC001_Get_All_Employees"/>
  <system-out/>
  <testcase name="checkStatusCode" time="0.001" classname="com.employeeapi.testCases.TC001_Get_All_Employees"/>
  <system-out/>
  <testcase name="checkResponseTime" time="0.001" classname="com.employeeapi.testCases.TC001_Get_All_Employees"/>
  <system-out/>
  <testcase name="checkCookies" time="0.001" classname="com.employeeapi.testCases.TC001_Get_All_Employees"/>
  <system-out/>
  <testcase name="checkContentLength" time="0.001" classname="com.employeeapi.testCases.TC001_Get_All_Employees"/>
  <system-out/>
</testsuite> <!-- com.employeeapi.testCases.TC001_Get_All_Employees -->
