<?xml version="1.0" encoding="UTF-8"?>
<!-- Generated by org.testng.reporters.JUnitReportReporter -->
<testsuite skipped="0" hostname="ZNEEVCSP16VC103" name="com.employeeapi.testCases.TC004_Put_Employee_Record" tests="3" failures="0" timestamp="2020-03-30T18:53:16 IST" time="0.002" errors="0">
  <testcase name="checkResponeBody" time="0.001" classname="com.employeeapi.testCases.TC004_Put_Employee_Record"/>
  <system-out/>
  <testcase name="checkStatusLine" time="0.001" classname="com.employeeapi.testCases.TC004_Put_Employee_Record"/>
  <system-out/>
  <testcase name="checkStatusCode" time="0.000" classname="com.employeeapi.testCases.TC004_Put_Employee_Record"/>
  <system-out/>
</testsuite> <!-- com.employeeapi.testCases.TC004_Put_Employee_Record -->
